0 info it worked if it ends with ok
1 verbose cli [ 'C:\\Program Files\\nodejs\\node.exe',
1 verbose cli   'C:\\Users\\CN17222\\AppData\\Roaming\\npm\\node_modules\\cnpm\\node_modules\\npm\\bin\\npm-cli.js',
1 verbose cli   '--userconfig=C:\\Users\\CN17222\\.cnpmrc',
1 verbose cli   '--disturl=https://npm.taobao.org/mirrors/node',
1 verbose cli   '--registry=https://registry.npm.taobao.org',
1 verbose cli   'start' ]
2 info using npm@3.10.10
3 info using node@v6.10.2
4 verbose run-script [ 'prestart', 'start', 'poststart' ]
5 info lifecycle echarts@1.0.0~prestart: echarts@1.0.0
6 silly lifecycle echarts@1.0.0~prestart: no script for prestart, continuing
7 info lifecycle echarts@1.0.0~start: echarts@1.0.0
8 verbose lifecycle echarts@1.0.0~start: unsafe-perm in lifecycle true
9 verbose lifecycle echarts@1.0.0~start: PATH: C:\Users\CN17222\AppData\Roaming\npm\node_modules\cnpm\node_modules\npm\bin\node-gyp-bin;D:\self\echarts\node_modules\.bin;C:\Program Files\Java\jdk1.7.0_79\bin;C:\Program Files\Java\jdk1.7.0_79\jre\bin;C:\Program Files\nodejs\;C:\windows\system32\;C:\Program Files (x86)\ISC BIND 9\bin;C:\Program Files\Git\cmd;C:\Program Files\TortoiseGit\bin;C:\Users\CN17222\AppData\Local\Microsoft\WindowsApps;C:\Users\CN17222\AppData\Roaming\npm
10 verbose lifecycle echarts@1.0.0~start: CWD: D:\self\echarts
11 silly lifecycle echarts@1.0.0~start: Args: [ '/d /s /c', 'webpack-dev-server' ]
12 silly lifecycle echarts@1.0.0~start: Returned: code: 3221225786  signal: null
13 info lifecycle echarts@1.0.0~start: Failed to exec start script
14 verbose stack Error: echarts@1.0.0 start: `webpack-dev-server`
14 verbose stack Exit status 3221225786
14 verbose stack     at EventEmitter.<anonymous> (C:\Users\CN17222\AppData\Roaming\npm\node_modules\cnpm\node_modules\npm\lib\utils\lifecycle.js:255:16)
14 verbose stack     at emitTwo (events.js:106:13)
14 verbose stack     at EventEmitter.emit (events.js:191:7)
14 verbose stack     at ChildProcess.<anonymous> (C:\Users\CN17222\AppData\Roaming\npm\node_modules\cnpm\node_modules\npm\lib\utils\spawn.js:40:14)
14 verbose stack     at emitTwo (events.js:106:13)
14 verbose stack     at ChildProcess.emit (events.js:191:7)
14 verbose stack     at maybeClose (internal/child_process.js:886:16)
14 verbose stack     at Process.ChildProcess._handle.onexit (internal/child_process.js:226:5)
15 verbose pkgid echarts@1.0.0
16 verbose cwd D:\self\echarts
17 error Windows_NT 10.0.14393
18 error argv "C:\\Program Files\\nodejs\\node.exe" "C:\\Users\\CN17222\\AppData\\Roaming\\npm\\node_modules\\cnpm\\node_modules\\npm\\bin\\npm-cli.js" "--userconfig=C:\\Users\\CN17222\\.cnpmrc" "--disturl=https://npm.taobao.org/mirrors/node" "--registry=https://registry.npm.taobao.org" "start"
19 error node v6.10.2
20 error npm  v3.10.10
21 error code ELIFECYCLE
22 error echarts@1.0.0 start: `webpack-dev-server`
22 error Exit status 3221225786
23 error Failed at the echarts@1.0.0 start script 'webpack-dev-server'.
23 error Make sure you have the latest version of node.js and npm installed.
23 error If you do, this is most likely a problem with the echarts package,
23 error not with npm itself.
23 error Tell the author that this fails on your system:
23 error     webpack-dev-server
23 error You can get information on how to open an issue for this project with:
23 error     npm bugs echarts
23 error Or if that isn't available, you can get their info via:
23 error     npm owner ls echarts
23 error There is likely additional logging output above.
24 verbose exit [ 1, true ]
